
*** Running vivado
    with args -log ALU32_top.vds -m64 -product Vivado -mode batch -messageDb vivado.pb -notrace -source ALU32_top.tcl



****** Vivado v2020.2 (64-bit)
  **** SW Build 3064766 on Wed Nov 18 09:12:45 MST 2020
  **** IP Build 3064653 on Wed Nov 18 14:17:31 MST 2020
    ** Copyright 1986-2020 Xilinx, Inc. All Rights Reserved.

source ALU32_top.tcl -notrace
Command: synth_design -top ALU32_top -part xc7a100tcsg324-1
Starting synth_design
Attempting to get a license for feature 'Synthesis' and/or device 'xc7a100t'
INFO: [Common 17-349] Got license for feature 'Synthesis' and/or device 'xc7a100t'
INFO: [Device 21-403] Loading part xc7a100tcsg324-1
INFO: [Synth 8-7079] Multithreading enabled for synth_design using a maximum of 2 processes.
INFO: [Synth 8-7078] Launching helper process for spawning children vivado processes
INFO: [Synth 8-7075] Helper process launched with PID 16228
---------------------------------------------------------------------------------
Starting RTL Elaboration : Time (s): cpu = 00:00:00 ; elapsed = 00:00:02 . Memory (MB): peak = 1121.918 ; gain = 13.832
---------------------------------------------------------------------------------
INFO: [Synth 8-6157] synthesizing module 'ALU32_top' [E:/Desktop/DLCO/Experiments/Project3_ALU/lab3/ALU32_top.v:23]
INFO: [Synth 8-6157] synthesizing module 'freq_div' [E:/Desktop/DLCO/Experiments/Project3_ALU/lab3/ALU32_top.v:120]
	Parameter FREQ_IN bound to: 100000000 - type: integer 
	Parameter FREQ_OUT bound to: 10000 - type: integer 
	Parameter MAX_COUNT bound to: 10000 - type: integer 
INFO: [Synth 8-6155] done synthesizing module 'freq_div' (1#1) [E:/Desktop/DLCO/Experiments/Project3_ALU/lab3/ALU32_top.v:120]
INFO: [Synth 8-6157] synthesizing module 'ALU32' [E:/Desktop/DLCO/Experiments/Project3_ALU/lab3/ALU32.v:23]
INFO: [Synth 8-6157] synthesizing module 'Adder32' [E:/Desktop/DLCO/Experiments/Project3_ALU/lab3/Adder32.v:23]
INFO: [Synth 8-6157] synthesizing module 'CLA_16' [E:/Desktop/DLCO/Experiments/Project3_ALU/lab3/Adder32.v:50]
INFO: [Synth 8-6157] synthesizing module 'CLA_group' [E:/Desktop/DLCO/Experiments/Project3_ALU/lab3/Adder32.v:68]
INFO: [Synth 8-6157] synthesizing module 'FA_PG' [E:/Desktop/DLCO/Experiments/Project3_ALU/lab3/Adder32.v:99]
INFO: [Synth 8-6155] done synthesizing module 'FA_PG' (2#1) [E:/Desktop/DLCO/Experiments/Project3_ALU/lab3/Adder32.v:99]
INFO: [Synth 8-6157] synthesizing module 'CLU' [E:/Desktop/DLCO/Experiments/Project3_ALU/lab3/Adder32.v:87]
INFO: [Synth 8-6155] done synthesizing module 'CLU' (3#1) [E:/Desktop/DLCO/Experiments/Project3_ALU/lab3/Adder32.v:87]
INFO: [Synth 8-6155] done synthesizing module 'CLA_group' (4#1) [E:/Desktop/DLCO/Experiments/Project3_ALU/lab3/Adder32.v:68]
INFO: [Synth 8-6155] done synthesizing module 'CLA_16' (5#1) [E:/Desktop/DLCO/Experiments/Project3_ALU/lab3/Adder32.v:50]
INFO: [Synth 8-6155] done synthesizing module 'Adder32' (6#1) [E:/Desktop/DLCO/Experiments/Project3_ALU/lab3/Adder32.v:23]
WARNING: [Synth 8-7071] port 'cout' of module 'Adder32' is unconnected for instance 'my_adder' [E:/Desktop/DLCO/Experiments/Project3_ALU/lab3/ALU32.v:41]
WARNING: [Synth 8-7023] instance 'my_adder' of module 'Adder32' has 9 connections declared, but only 8 given [E:/Desktop/DLCO/Experiments/Project3_ALU/lab3/ALU32.v:41]
INFO: [Synth 8-6157] synthesizing module 'barrelsft32' [E:/Desktop/DLCO/Experiments/Project3_ALU/lab3/barrelsft32.v:23]
INFO: [Synth 8-6157] synthesizing module 'mux4to1' [E:/Desktop/DLCO/Experiments/Project3_ALU/lab3/barrelsft32.v:216]
INFO: [Synth 8-6155] done synthesizing module 'mux4to1' (7#1) [E:/Desktop/DLCO/Experiments/Project3_ALU/lab3/barrelsft32.v:216]
INFO: [Synth 8-6155] done synthesizing module 'barrelsft32' (8#1) [E:/Desktop/DLCO/Experiments/Project3_ALU/lab3/barrelsft32.v:23]
INFO: [Synth 8-6157] synthesizing module 'muxOP' [E:/Desktop/DLCO/Experiments/Project3_ALU/lab3/ALU32.v:84]
INFO: [Synth 8-6155] done synthesizing module 'muxOP' (9#1) [E:/Desktop/DLCO/Experiments/Project3_ALU/lab3/ALU32.v:84]
INFO: [Synth 8-6155] done synthesizing module 'ALU32' (10#1) [E:/Desktop/DLCO/Experiments/Project3_ALU/lab3/ALU32.v:23]
INFO: [Synth 8-6157] synthesizing module 'hex2seg' [E:/Desktop/DLCO/Experiments/Project3_ALU/lab3/ALU32_top.v:90]
INFO: [Synth 8-226] default block is never used [E:/Desktop/DLCO/Experiments/Project3_ALU/lab3/ALU32_top.v:98]
INFO: [Synth 8-6155] done synthesizing module 'hex2seg' (11#1) [E:/Desktop/DLCO/Experiments/Project3_ALU/lab3/ALU32_top.v:90]
INFO: [Synth 8-6155] done synthesizing module 'ALU32_top' (12#1) [E:/Desktop/DLCO/Experiments/Project3_ALU/lab3/ALU32_top.v:23]
---------------------------------------------------------------------------------
Finished RTL Elaboration : Time (s): cpu = 00:00:00 ; elapsed = 00:00:03 . Memory (MB): peak = 1177.398 ; gain = 69.312
---------------------------------------------------------------------------------
---------------------------------------------------------------------------------
Start Handling Custom Attributes
---------------------------------------------------------------------------------
---------------------------------------------------------------------------------
Finished Handling Custom Attributes : Time (s): cpu = 00:00:00 ; elapsed = 00:00:04 . Memory (MB): peak = 1177.398 ; gain = 69.312
---------------------------------------------------------------------------------
---------------------------------------------------------------------------------
Finished RTL Optimization Phase 1 : Time (s): cpu = 00:00:00 ; elapsed = 00:00:04 . Memory (MB): peak = 1177.398 ; gain = 69.312
---------------------------------------------------------------------------------
Netlist sorting complete. Time (s): cpu = 00:00:00 ; elapsed = 00:00:00.010 . Memory (MB): peak = 1177.398 ; gain = 0.000
INFO: [Project 1-570] Preparing netlist for logic optimization

Processing XDC Constraints
Initializing timing engine
Parsing XDC File [E:/Desktop/DLCO/Experiments/Project3_ALU/lab3/ALU32_top.xdc]
Finished Parsing XDC File [E:/Desktop/DLCO/Experiments/Project3_ALU/lab3/ALU32_top.xdc]
INFO: [Project 1-236] Implementation specific constraints were found while reading constraint file [E:/Desktop/DLCO/Experiments/Project3_ALU/lab3/ALU32_top.xdc]. These constraints will be ignored for synthesis but will be used in implementation. Impacted constraints are listed in the file [.Xil/ALU32_top_propImpl.xdc].
Resolution: To avoid this warning, move constraints listed in [.Xil/ALU32_top_propImpl.xdc] to another XDC file and exclude this new file from synthesis with the used_in_synthesis property (File Properties dialog in GUI) and re-run elaboration/synthesis.
Completed Processing XDC Constraints

Netlist sorting complete. Time (s): cpu = 00:00:00 ; elapsed = 00:00:00.001 . Memory (MB): peak = 1294.070 ; gain = 0.000
INFO: [Project 1-111] Unisim Transformation Summary:
No Unisim elements were transformed.

Constraint Validation Runtime : Time (s): cpu = 00:00:00 ; elapsed = 00:00:00.003 . Memory (MB): peak = 1294.070 ; gain = 0.000
---------------------------------------------------------------------------------
Finished Constraint Validation : Time (s): cpu = 00:00:02 ; elapsed = 00:00:07 . Memory (MB): peak = 1294.070 ; gain = 185.984
---------------------------------------------------------------------------------
---------------------------------------------------------------------------------
Start Loading Part and Timing Information
---------------------------------------------------------------------------------
Loading part: xc7a100tcsg324-1
---------------------------------------------------------------------------------
Finished Loading Part and Timing Information : Time (s): cpu = 00:00:02 ; elapsed = 00:00:07 . Memory (MB): peak = 1294.070 ; gain = 185.984
---------------------------------------------------------------------------------
---------------------------------------------------------------------------------
Start Applying 'set_property' XDC Constraints
---------------------------------------------------------------------------------
---------------------------------------------------------------------------------
Finished applying 'set_property' XDC Constraints : Time (s): cpu = 00:00:02 ; elapsed = 00:00:07 . Memory (MB): peak = 1294.070 ; gain = 185.984
---------------------------------------------------------------------------------
---------------------------------------------------------------------------------
Finished RTL Optimization Phase 2 : Time (s): cpu = 00:00:02 ; elapsed = 00:00:07 . Memory (MB): peak = 1294.070 ; gain = 185.984
---------------------------------------------------------------------------------
INFO: [Synth 8-223] decloning instance 'seg_u5' (hex2seg) to 'seg_u6'
INFO: [Synth 8-223] decloning instance 'seg_u5' (hex2seg) to 'seg_u7'
INFO: [Synth 8-223] decloning instance 'seg_u5' (hex2seg) to 'seg_u8'
---------------------------------------------------------------------------------
Start RTL Component Statistics 
---------------------------------------------------------------------------------
Detailed RTL Component Info : 
+---Adders : 
	   2 Input   32 Bit       Adders := 1     
	   2 Input    3 Bit       Adders := 1     
+---XORs : 
	   2 Input     32 Bit         XORs := 1     
	   3 Input      1 Bit         XORs := 32    
	   2 Input      1 Bit         XORs := 1     
+---Registers : 
	               32 Bit    Registers := 1     
	                3 Bit    Registers := 1     
	                1 Bit    Registers := 1     
+---Muxes : 
	   2 Input   32 Bit        Muxes := 5     
	   8 Input    8 Bit        Muxes := 1     
	   2 Input    3 Bit        Muxes := 1     
	   4 Input    1 Bit        Muxes := 160   
	   2 Input    1 Bit        Muxes := 1     
---------------------------------------------------------------------------------
Finished RTL Component Statistics 
---------------------------------------------------------------------------------
---------------------------------------------------------------------------------
Start Part Resource Summary
---------------------------------------------------------------------------------
Part Resources:
DSPs: 240 (col length:80)
BRAMs: 270 (col length: RAMB18 80 RAMB36 40)
---------------------------------------------------------------------------------
Finished Part Resource Summary
---------------------------------------------------------------------------------
---------------------------------------------------------------------------------
Start Cross Boundary and Area Optimization
---------------------------------------------------------------------------------
CRITICAL WARNING: [Synth 8-6859] multi-driven net on pin result[16] with 1st driver pin 'my_alu/my_mux/result_inferred/result[16]' [E:/Desktop/DLCO/Experiments/Project3_ALU/lab3/ALU32.v:96]
CRITICAL WARNING: [Synth 8-6859] multi-driven net on pin result[16] with 2nd driver pin 'GND' [E:/Desktop/DLCO/Experiments/Project3_ALU/lab3/ALU32.v:96]
CRITICAL WARNING: [Synth 8-6858] multi-driven net result[16] is connected to at least one constant driver which has been preserved, other driver is ignored [E:/Desktop/DLCO/Experiments/Project3_ALU/lab3/ALU32.v:96]
CRITICAL WARNING: [Synth 8-6859] multi-driven net on pin result[17] with 1st driver pin 'my_alu/my_mux/result_inferred/result[17]' [E:/Desktop/DLCO/Experiments/Project3_ALU/lab3/ALU32.v:96]
CRITICAL WARNING: [Synth 8-6859] multi-driven net on pin result[17] with 2nd driver pin 'GND' [E:/Desktop/DLCO/Experiments/Project3_ALU/lab3/ALU32.v:96]
CRITICAL WARNING: [Synth 8-6858] multi-driven net result[17] is connected to at least one constant driver which has been preserved, other driver is ignored [E:/Desktop/DLCO/Experiments/Project3_ALU/lab3/ALU32.v:96]
CRITICAL WARNING: [Synth 8-6859] multi-driven net on pin result[18] with 1st driver pin 'my_alu/my_mux/result_inferred/result[18]' [E:/Desktop/DLCO/Experiments/Project3_ALU/lab3/ALU32.v:96]
CRITICAL WARNING: [Synth 8-6859] multi-driven net on pin result[18] with 2nd driver pin 'GND' [E:/Desktop/DLCO/Experiments/Project3_ALU/lab3/ALU32.v:96]
CRITICAL WARNING: [Synth 8-6858] multi-driven net result[18] is connected to at least one constant driver which has been preserved, other driver is ignored [E:/Desktop/DLCO/Experiments/Project3_ALU/lab3/ALU32.v:96]
CRITICAL WARNING: [Synth 8-6859] multi-driven net on pin result[19] with 1st driver pin 'my_alu/my_mux/result_inferred/result[19]' [E:/Desktop/DLCO/Experiments/Project3_ALU/lab3/ALU32.v:96]
CRITICAL WARNING: [Synth 8-6859] multi-driven net on pin result[19] with 2nd driver pin 'GND' [E:/Desktop/DLCO/Experiments/Project3_ALU/lab3/ALU32.v:96]
CRITICAL WARNING: [Synth 8-6858] multi-driven net result[19] is connected to at least one constant driver which has been preserved, other driver is ignored [E:/Desktop/DLCO/Experiments/Project3_ALU/lab3/ALU32.v:96]
CRITICAL WARNING: [Synth 8-6859] multi-driven net on pin result[20] with 1st driver pin 'my_alu/my_mux/result_inferred/result[20]' [E:/Desktop/DLCO/Experiments/Project3_ALU/lab3/ALU32.v:96]
CRITICAL WARNING: [Synth 8-6859] multi-driven net on pin result[20] with 2nd driver pin 'GND' [E:/Desktop/DLCO/Experiments/Project3_ALU/lab3/ALU32.v:96]
CRITICAL WARNING: [Synth 8-6858] multi-driven net result[20] is connected to at least one constant driver which has been preserved, other driver is ignored [E:/Desktop/DLCO/Experiments/Project3_ALU/lab3/ALU32.v:96]
CRITICAL WARNING: [Synth 8-6859] multi-driven net on pin result[21] with 1st driver pin 'my_alu/my_mux/result_inferred/result[21]' [E:/Desktop/DLCO/Experiments/Project3_ALU/lab3/ALU32.v:96]
CRITICAL WARNING: [Synth 8-6859] multi-driven net on pin result[21] with 2nd driver pin 'GND' [E:/Desktop/DLCO/Experiments/Project3_ALU/lab3/ALU32.v:96]
CRITICAL WARNING: [Synth 8-6858] multi-driven net result[21] is connected to at least one constant driver which has been preserved, other driver is ignored [E:/Desktop/DLCO/Experiments/Project3_ALU/lab3/ALU32.v:96]
CRITICAL WARNING: [Synth 8-6859] multi-driven net on pin result[22] with 1st driver pin 'my_alu/my_mux/result_inferred/result[22]' [E:/Desktop/DLCO/Experiments/Project3_ALU/lab3/ALU32.v:96]
CRITICAL WARNING: [Synth 8-6859] multi-driven net on pin result[22] with 2nd driver pin 'GND' [E:/Desktop/DLCO/Experiments/Project3_ALU/lab3/ALU32.v:96]
CRITICAL WARNING: [Synth 8-6858] multi-driven net result[22] is connected to at least one constant driver which has been preserved, other driver is ignored [E:/Desktop/DLCO/Experiments/Project3_ALU/lab3/ALU32.v:96]
CRITICAL WARNING: [Synth 8-6859] multi-driven net on pin result[23] with 1st driver pin 'my_alu/my_mux/result_inferred/result[23]' [E:/Desktop/DLCO/Experiments/Project3_ALU/lab3/ALU32.v:96]
CRITICAL WARNING: [Synth 8-6859] multi-driven net on pin result[23] with 2nd driver pin 'GND' [E:/Desktop/DLCO/Experiments/Project3_ALU/lab3/ALU32.v:96]
CRITICAL WARNING: [Synth 8-6858] multi-driven net result[23] is connected to at least one constant driver which has been preserved, other driver is ignored [E:/Desktop/DLCO/Experiments/Project3_ALU/lab3/ALU32.v:96]
CRITICAL WARNING: [Synth 8-6859] multi-driven net on pin result[24] with 1st driver pin 'my_alu/my_mux/result_inferred/result[24]' [E:/Desktop/DLCO/Experiments/Project3_ALU/lab3/ALU32.v:96]
CRITICAL WARNING: [Synth 8-6859] multi-driven net on pin result[24] with 2nd driver pin 'GND' [E:/Desktop/DLCO/Experiments/Project3_ALU/lab3/ALU32.v:96]
CRITICAL WARNING: [Synth 8-6858] multi-driven net result[24] is connected to at least one constant driver which has been preserved, other driver is ignored [E:/Desktop/DLCO/Experiments/Project3_ALU/lab3/ALU32.v:96]
CRITICAL WARNING: [Synth 8-6859] multi-driven net on pin result[25] with 1st driver pin 'my_alu/my_mux/result_inferred/result[25]' [E:/Desktop/DLCO/Experiments/Project3_ALU/lab3/ALU32.v:96]
CRITICAL WARNING: [Synth 8-6859] multi-driven net on pin result[25] with 2nd driver pin 'GND' [E:/Desktop/DLCO/Experiments/Project3_ALU/lab3/ALU32.v:96]
CRITICAL WARNING: [Synth 8-6858] multi-driven net result[25] is connected to at least one constant driver which has been preserved, other driver is ignored [E:/Desktop/DLCO/Experiments/Project3_ALU/lab3/ALU32.v:96]
CRITICAL WARNING: [Synth 8-6859] multi-driven net on pin result[26] with 1st driver pin 'my_alu/my_mux/result_inferred/result[26]' [E:/Desktop/DLCO/Experiments/Project3_ALU/lab3/ALU32.v:96]
CRITICAL WARNING: [Synth 8-6859] multi-driven net on pin result[26] with 2nd driver pin 'GND' [E:/Desktop/DLCO/Experiments/Project3_ALU/lab3/ALU32.v:96]
CRITICAL WARNING: [Synth 8-6858] multi-driven net result[26] is connected to at least one constant driver which has been preserved, other driver is ignored [E:/Desktop/DLCO/Experiments/Project3_ALU/lab3/ALU32.v:96]
CRITICAL WARNING: [Synth 8-6859] multi-driven net on pin result[27] with 1st driver pin 'my_alu/my_mux/result_inferred/result[27]' [E:/Desktop/DLCO/Experiments/Project3_ALU/lab3/ALU32.v:96]
CRITICAL WARNING: [Synth 8-6859] multi-driven net on pin result[27] with 2nd driver pin 'GND' [E:/Desktop/DLCO/Experiments/Project3_ALU/lab3/ALU32.v:96]
CRITICAL WARNING: [Synth 8-6858] multi-driven net result[27] is connected to at least one constant driver which has been preserved, other driver is ignored [E:/Desktop/DLCO/Experiments/Project3_ALU/lab3/ALU32.v:96]
CRITICAL WARNING: [Synth 8-6859] multi-driven net on pin result[28] with 1st driver pin 'my_alu/my_mux/result_inferred/result[28]' [E:/Desktop/DLCO/Experiments/Project3_ALU/lab3/ALU32.v:96]
CRITICAL WARNING: [Synth 8-6859] multi-driven net on pin result[28] with 2nd driver pin 'GND' [E:/Desktop/DLCO/Experiments/Project3_ALU/lab3/ALU32.v:96]
CRITICAL WARNING: [Synth 8-6858] multi-driven net result[28] is connected to at least one constant driver which has been preserved, other driver is ignored [E:/Desktop/DLCO/Experiments/Project3_ALU/lab3/ALU32.v:96]
CRITICAL WARNING: [Synth 8-6859] multi-driven net on pin result[29] with 1st driver pin 'my_alu/my_mux/result_inferred/result[29]' [E:/Desktop/DLCO/Experiments/Project3_ALU/lab3/ALU32.v:96]
CRITICAL WARNING: [Synth 8-6859] multi-driven net on pin result[29] with 2nd driver pin 'GND' [E:/Desktop/DLCO/Experiments/Project3_ALU/lab3/ALU32.v:96]
CRITICAL WARNING: [Synth 8-6858] multi-driven net result[29] is connected to at least one constant driver which has been preserved, other driver is ignored [E:/Desktop/DLCO/Experiments/Project3_ALU/lab3/ALU32.v:96]
CRITICAL WARNING: [Synth 8-6859] multi-driven net on pin result[30] with 1st driver pin 'my_alu/my_mux/result_inferred/result[30]' [E:/Desktop/DLCO/Experiments/Project3_ALU/lab3/ALU32.v:96]
CRITICAL WARNING: [Synth 8-6859] multi-driven net on pin result[30] with 2nd driver pin 'GND' [E:/Desktop/DLCO/Experiments/Project3_ALU/lab3/ALU32.v:96]
CRITICAL WARNING: [Synth 8-6858] multi-driven net result[30] is connected to at least one constant driver which has been preserved, other driver is ignored [E:/Desktop/DLCO/Experiments/Project3_ALU/lab3/ALU32.v:96]
CRITICAL WARNING: [Synth 8-6859] multi-driven net on pin result[31] with 1st driver pin 'my_alu/my_mux/result_inferred/result[31]' [E:/Desktop/DLCO/Experiments/Project3_ALU/lab3/ALU32.v:96]
CRITICAL WARNING: [Synth 8-6859] multi-driven net on pin result[31] with 2nd driver pin 'GND' [E:/Desktop/DLCO/Experiments/Project3_ALU/lab3/ALU32.v:96]
CRITICAL WARNING: [Synth 8-6858] multi-driven net result[31] is connected to at least one constant driver which has been preserved, other driver is ignored [E:/Desktop/DLCO/Experiments/Project3_ALU/lab3/ALU32.v:96]
---------------------------------------------------------------------------------
Finished Cross Boundary and Area Optimization : Time (s): cpu = 00:00:03 ; elapsed = 00:00:10 . Memory (MB): peak = 1294.070 ; gain = 185.984
---------------------------------------------------------------------------------
---------------------------------------------------------------------------------
Start Applying XDC Timing Constraints
---------------------------------------------------------------------------------
---------------------------------------------------------------------------------
Finished Applying XDC Timing Constraints : Time (s): cpu = 00:00:04 ; elapsed = 00:00:13 . Memory (MB): peak = 1294.070 ; gain = 185.984
---------------------------------------------------------------------------------
---------------------------------------------------------------------------------
Start Timing Optimization
---------------------------------------------------------------------------------
---------------------------------------------------------------------------------
Finished Timing Optimization : Time (s): cpu = 00:00:04 ; elapsed = 00:00:13 . Memory (MB): peak = 1294.070 ; gain = 185.984
---------------------------------------------------------------------------------
---------------------------------------------------------------------------------
Start Technology Mapping
---------------------------------------------------------------------------------
---------------------------------------------------------------------------------
Finished Technology Mapping : Time (s): cpu = 00:00:04 ; elapsed = 00:00:13 . Memory (MB): peak = 1299.945 ; gain = 191.859
---------------------------------------------------------------------------------
---------------------------------------------------------------------------------
Start IO Insertion
---------------------------------------------------------------------------------
---------------------------------------------------------------------------------
Start Flattening Before IO Insertion
---------------------------------------------------------------------------------
---------------------------------------------------------------------------------
Finished Flattening Before IO Insertion
---------------------------------------------------------------------------------
---------------------------------------------------------------------------------
Start Final Netlist Cleanup
---------------------------------------------------------------------------------
---------------------------------------------------------------------------------
Finished Final Netlist Cleanup
---------------------------------------------------------------------------------
---------------------------------------------------------------------------------
Finished IO Insertion : Time (s): cpu = 00:00:05 ; elapsed = 00:00:15 . Memory (MB): peak = 1315.699 ; gain = 207.613
---------------------------------------------------------------------------------
---------------------------------------------------------------------------------
Start Renaming Generated Instances
---------------------------------------------------------------------------------
---------------------------------------------------------------------------------
Finished Renaming Generated Instances : Time (s): cpu = 00:00:05 ; elapsed = 00:00:15 . Memory (MB): peak = 1315.699 ; gain = 207.613
---------------------------------------------------------------------------------
---------------------------------------------------------------------------------
Start Rebuilding User Hierarchy
---------------------------------------------------------------------------------
---------------------------------------------------------------------------------
Finished Rebuilding User Hierarchy : Time (s): cpu = 00:00:05 ; elapsed = 00:00:15 . Memory (MB): peak = 1315.699 ; gain = 207.613
---------------------------------------------------------------------------------
---------------------------------------------------------------------------------
Start Renaming Generated Ports
---------------------------------------------------------------------------------
---------------------------------------------------------------------------------
Finished Renaming Generated Ports : Time (s): cpu = 00:00:05 ; elapsed = 00:00:15 . Memory (MB): peak = 1315.699 ; gain = 207.613
---------------------------------------------------------------------------------
---------------------------------------------------------------------------------
Start Handling Custom Attributes
---------------------------------------------------------------------------------
---------------------------------------------------------------------------------
Finished Handling Custom Attributes : Time (s): cpu = 00:00:05 ; elapsed = 00:00:15 . Memory (MB): peak = 1315.699 ; gain = 207.613
---------------------------------------------------------------------------------
---------------------------------------------------------------------------------
Start Renaming Generated Nets
---------------------------------------------------------------------------------
---------------------------------------------------------------------------------
Finished Renaming Generated Nets : Time (s): cpu = 00:00:05 ; elapsed = 00:00:15 . Memory (MB): peak = 1315.699 ; gain = 207.613
---------------------------------------------------------------------------------
---------------------------------------------------------------------------------
Start Writing Synthesis Report
---------------------------------------------------------------------------------

Report BlackBoxes: 
+-+--------------+----------+
| |BlackBox name |Instances |
+-+--------------+----------+
+-+--------------+----------+

Report Cell Usage: 
+------+-------+------+
|      |Cell   |Count |
+------+-------+------+
|1     |BUFG   |     1|
|2     |CARRY4 |     8|
|3     |LUT1   |     7|
|4     |LUT2   |     5|
|5     |LUT3   |    19|
|6     |LUT4   |    44|
|7     |LUT5   |    68|
|8     |LUT6   |    85|
|9     |MUXF7  |     7|
|10    |FDRE   |    36|
|11    |IBUF   |    13|
|12    |OBUF   |    32|
+------+-------+------+
---------------------------------------------------------------------------------
Finished Writing Synthesis Report : Time (s): cpu = 00:00:05 ; elapsed = 00:00:15 . Memory (MB): peak = 1315.699 ; gain = 207.613
---------------------------------------------------------------------------------
Synthesis finished with 0 errors, 48 critical warnings and 0 warnings.
Synthesis Optimization Runtime : Time (s): cpu = 00:00:04 ; elapsed = 00:00:14 . Memory (MB): peak = 1315.699 ; gain = 90.941
Synthesis Optimization Complete : Time (s): cpu = 00:00:05 ; elapsed = 00:00:15 . Memory (MB): peak = 1315.699 ; gain = 207.613
INFO: [Project 1-571] Translating synthesized netlist
Netlist sorting complete. Time (s): cpu = 00:00:00 ; elapsed = 00:00:00.003 . Memory (MB): peak = 1327.770 ; gain = 0.000
INFO: [Netlist 29-17] Analyzing 15 Unisim elements for replacement
INFO: [Netlist 29-28] Unisim Transformation completed in 0 CPU seconds
INFO: [Project 1-570] Preparing netlist for logic optimization
INFO: [Opt 31-138] Pushed 0 inverter(s) to 0 load pin(s).
Netlist sorting complete. Time (s): cpu = 00:00:00 ; elapsed = 00:00:00 . Memory (MB): peak = 1327.770 ; gain = 0.000
INFO: [Project 1-111] Unisim Transformation Summary:
No Unisim elements were transformed.

INFO: [Common 17-83] Releasing license: Synthesis
43 Infos, 2 Warnings, 48 Critical Warnings and 0 Errors encountered.
synth_design completed successfully
synth_design: Time (s): cpu = 00:00:07 ; elapsed = 00:00:20 . Memory (MB): peak = 1327.770 ; gain = 219.684
INFO: [runtcl-6] Synthesis results are not added to the cache due to CRITICAL_WARNING
INFO: [Common 17-1381] The checkpoint 'D:/Code/Verilog/project_3_3_ALU/project_3_3_ALU.runs/synth_1/ALU32_top.dcp' has been generated.
INFO: [runtcl-4] Executing : report_utilization -file ALU32_top_utilization_synth.rpt -pb ALU32_top_utilization_synth.pb
INFO: [Common 17-206] Exiting Vivado at Mon Mar 17 23:30:58 2025...
